
(Tx: "http GET 20KB" for "IIS Server")

Client delay Z= 1.50 mSec. (Assumed)

 N      X       R      %Ucpu   %Udsk   %Unet
---  ------  ------   ------  ------  ------
  1  196.46    3.59     8.64    1.96   28.49
  2  331.90    4.53    14.60    2.53   48.12
  3  420.57    5.63    18.51    1.90   60.98
  4  476.54    6.89    20.97    1.70   69.10
  5  512.74    8.25    22.56    1.61   74.35
  6  537.10    9.67    23.63    1.57   77.88
  7  554.24   11.13    24.39    1.55   80.37
  8  566.82   12.61    24.94    1.53   82.19
  9  576.37   14.11    25.36    1.53   83.57
 10  583.83   15.63    25.69    1.52   84.66

Error Analysis of Utilizations

                 CPU                     DSK                     NET
        ----------------------  ----------------------  ----------------------
 N      %Udat   %Updq   %Uerr   %Udat   %Updq   %Uerr   %Udat   %Updq   %Uerr
---     -----   -----   -----   -----   -----   -----   -----   -----   -----
  1      9.00    8.64   -3.95    2.00    1.96   -1.77   26.00   28.49    9.57
  2     14.00   14.60    4.31    2.00    2.53   26.70   46.00   48.12    4.62
  3     17.00   18.51    8.85    2.00    1.90   -4.96   61.00   60.98   -0.03
  4     21.00   20.97   -0.15    2.00    1.70  -15.02   74.00   69.10   -6.62
  5     24.00   22.56   -6.00    2.00    1.61  -19.30   86.00   74.35  -13.55
  6     26.00   23.63   -9.11    2.00    1.57  -21.44   92.00   77.88  -15.35
 10     26.00   25.69   -1.20    2.00    1.52  -24.03   94.00   84.66   -9.94

