
**** ABC Model Results ****
PDQ nodes: 16  PDQ streams: 15
Memory Mode: WriteBack
Ncpu:  15
Nrwht: 12.11 (N:12  W: 1.00)
Nrdop:  1.28 (N: 1  W: 1.00)
Nwbop:  0.45 (N: 1  W: 0.45)
Ninvl:  0.22 (N: 1  W: 0.22)

Hit Ratio:   95.00 %
Read Miss:    4.25 %
WriteMiss:    0.75 %
Ucpu:        29.99 %
Pcpu:         4.50

Ubus[reads]: 57.49 %
Ubus[write]:  9.13 %
Ubus[inval]:  0.33 %
Ubus[total]: 66.95 %

Uca0[hits]:  92.83 %
Uca0[reads]:  2.87 %
Uca0[write]:  0.46 %
Uca0[inval]:  0.33 %
Uca0[total]: 96.50 %
